<?xml version="1.0" encoding="UTF-8"?>
<testsuite xmlns:xsi="http://www.w3.org/2001/XMLSchema-instance" xsi:noNamespaceSchemaLocation="https://maven.apache.org/surefire/maven-surefire-plugin/xsd/surefire-test-report.xsd" version="3.0.2" name="com.example.file.processor.FileProcessorServiceApplicationTests" time="0.982" tests="1" errors="0" skipped="0" failures="0">
  <properties>
[...]
</properties>
  <testcase name="contextLoads" classname="com.example.file.processor.FileProcessorServiceApplicationTests" time="0.296">
    <system-out><![CDATA[11:56:05.129 [main] INFO org.springframework.test.context.support.AnnotationConfigContextLoaderUtils -- Could not detect default configuration classes for test class [com.example.file.processor.FileProcessorServiceApplicationTests]: FileProcessorServiceApplicationTests does not declare any static, non-private, non-final, nested classes annotated with @Configuration.
11:56:05.162 [main] INFO org.springframework.boot.test.context.SpringBootTestContextBootstrapper -- Found @SpringBootConfiguration com.example.file.processor.FileProcessorServiceApplication for test class com.example.file.processor.FileProcessorServiceApplicationTests

  .   ____          _            __ _ _
 /\\ / ___'_ __ _ _(_)_ __  __ _ \ \ \ \
( ( )\___ | '_ | '_| | '_ \/ _` | \ \ \ \
 \\/  ___)| |_)| | | | | || (_| |  ) ) ) )
  '  |____| .__|_| |_|_| |_\__, | / / / /
 =========|_|==============|___/=/_/_/_/

 :: Spring Boot ::                (v3.4.1)

2025-01-24T11:56:05.284Z  INFO 80498 --- [file-processor-service] [           main] f.p.FileProcessorServiceApplicationTests : Starting FileProcessorServiceApplicationTests using Java 17.0.9 with PID 80498 (started by kashif in /Users/kashif/Downloads/file-processor-service)
2025-01-24T11:56:05.284Z  INFO 80498 --- [file-processor-service] [           main] f.p.FileProcessorServiceApplicationTests : No active profile set, falling back to 1 default profile: "default"
2025-01-24T11:56:05.754Z  INFO 80498 --- [file-processor-service] [           main] f.p.FileProcessorServiceApplicationTests : Started FileProcessorServiceApplicationTests in 0.55 seconds (process running for 0.872)
]]></system-out>
  </testcase>
</testsuite>